0:0:0:0:0:0:0:1 - - [01/Sep/2016:14:44:54 +0530] "GET /FrontPage.KnownCircleAndroid.ValidateContactDuplication.ImportConatctGmail HTTP/1.1" 200 17839
0:0:0:0:0:0:0:1 - - [01/Sep/2016:14:44:54 +0530] "GET /files/fitnesse/css/fitnesse_pages.css HTTP/1.1" 200 5410
0:0:0:0:0:0:0:1 - - [01/Sep/2016:14:44:54 +0530] "GET /files/fitnesse/css/fitnesse_wiki.css HTTP/1.1" 200 4144
0:0:0:0:0:0:0:1 - - [01/Sep/2016:14:44:54 +0530] "GET /files/fitnesse/wysiwyg/wysiwyg.css HTTP/1.1" 200 5230
0:0:0:0:0:0:0:1 - - [01/Sep/2016:14:44:54 +0530] "GET /files/fitnesse/javascript/fitnesse.js HTTP/1.1" 200 6888
0:0:0:0:0:0:0:1 - - [01/Sep/2016:14:44:54 +0530] "GET /files/fitnesse/question.mark/question.mark.css HTTP/1.1" 200 3291
0:0:0:0:0:0:0:1 - - [01/Sep/2016:14:44:54 +0530] "GET /files/fitnesse/bootstrap/js/bootstrap.js HTTP/1.1" 200 55258
0:0:0:0:0:0:0:1 - - [01/Sep/2016:14:44:54 +0530] "GET /files/fitnesse/javascript/jquery-1.11.3.min.js HTTP/1.1" 200 95957
0:0:0:0:0:0:0:1 - - [01/Sep/2016:14:44:54 +0530] "GET /files/fitnesse/bootstrap/js/respond.js HTTP/1.1" 200 9746
0:0:0:0:0:0:0:1 - - [01/Sep/2016:14:44:54 +0530] "GET /files/fitnesse/bootstrap/css/fitnesse-bootstrap.css HTTP/1.1" 200 135839
0:0:0:0:0:0:0:1 - - [01/Sep/2016:14:44:54 +0530] "GET /files/fitnesse/javascript/mousetrap.min.js HTTP/1.1" 200 3850
0:0:0:0:0:0:0:1 - - [01/Sep/2016:14:44:54 +0530] "GET /files/fitnesse/question.mark/question.mark.js HTTP/1.1" 200 5439
0:0:0:0:0:0:0:1 - - [01/Sep/2016:14:44:54 +0530] "GET /files/fitnesse/images/fitnesse-logo-small.png HTTP/1.1" 200 10408
0:0:0:0:0:0:0:1 - - [01/Sep/2016:14:44:59 +0530] "GET / HTTP/1.1" 200 12157
0:0:0:0:0:0:0:1 - - [01/Sep/2016:14:44:59 +0530] "GET /files/fitnesse/css/fitnesse_wiki.css HTTP/1.1" 304 0
0:0:0:0:0:0:0:1 - - [01/Sep/2016:14:44:59 +0530] "GET /files/fitnesse/css/fitnesse_pages.css HTTP/1.1" 304 0
0:0:0:0:0:0:0:1 - - [01/Sep/2016:14:44:59 +0530] "GET /files/fitnesse/wysiwyg/wysiwyg.css HTTP/1.1" 304 0
0:0:0:0:0:0:0:1 - - [01/Sep/2016:14:44:59 +0530] "GET /files/fitnesse/bootstrap/css/fitnesse-bootstrap.css HTTP/1.1" 304 0
0:0:0:0:0:0:0:1 - - [01/Sep/2016:14:44:59 +0530] "GET /files/fitnesse/question.mark/question.mark.css HTTP/1.1" 304 0
0:0:0:0:0:0:0:1 - - [01/Sep/2016:14:44:59 +0530] "GET /files/fitnesse/javascript/jquery-1.11.3.min.js HTTP/1.1" 304 0
0:0:0:0:0:0:0:1 - - [01/Sep/2016:14:44:59 +0530] "GET /files/fitnesse/javascript/fitnesse.js HTTP/1.1" 304 0
0:0:0:0:0:0:0:1 - - [01/Sep/2016:14:44:59 +0530] "GET /files/fitnesse/bootstrap/js/bootstrap.js HTTP/1.1" 304 0
0:0:0:0:0:0:0:1 - - [01/Sep/2016:14:44:59 +0530] "GET /files/fitnesse/bootstrap/js/respond.js HTTP/1.1" 304 0
0:0:0:0:0:0:0:1 - - [01/Sep/2016:14:44:59 +0530] "GET /files/fitnesse/javascript/mousetrap.min.js HTTP/1.1" 304 0
0:0:0:0:0:0:0:1 - - [01/Sep/2016:14:44:59 +0530] "GET /files/fitnesse/question.mark/question.mark.js HTTP/1.1" 304 0
0:0:0:0:0:0:0:1 - - [01/Sep/2016:14:44:59 +0530] "GET /files/fitnesse/images/fitnesse-logo-small.png HTTP/1.1" 304 0
0:0:0:0:0:0:0:1 - - [01/Sep/2016:14:46:13 +0530] "GET /FrontPage.KnownCircleAndroid HTTP/1.1" 200 17988
0:0:0:0:0:0:0:1 - - [01/Sep/2016:14:46:13 +0530] "GET /files/fitnesse/css/fitnesse_wiki.css HTTP/1.1" 304 0
0:0:0:0:0:0:0:1 - - [01/Sep/2016:14:46:13 +0530] "GET /files/fitnesse/css/fitnesse_pages.css HTTP/1.1" 304 0
0:0:0:0:0:0:0:1 - - [01/Sep/2016:14:46:13 +0530] "GET /files/fitnesse/wysiwyg/wysiwyg.css HTTP/1.1" 304 0
0:0:0:0:0:0:0:1 - - [01/Sep/2016:14:46:13 +0530] "GET /files/fitnesse/bootstrap/css/fitnesse-bootstrap.css HTTP/1.1" 304 0
0:0:0:0:0:0:0:1 - - [01/Sep/2016:14:46:13 +0530] "GET /files/fitnesse/question.mark/question.mark.css HTTP/1.1" 304 0
0:0:0:0:0:0:0:1 - - [01/Sep/2016:14:46:13 +0530] "GET /files/fitnesse/javascript/jquery-1.11.3.min.js HTTP/1.1" 304 0
0:0:0:0:0:0:0:1 - - [01/Sep/2016:14:46:13 +0530] "GET /files/fitnesse/javascript/fitnesse.js HTTP/1.1" 304 0
0:0:0:0:0:0:0:1 - - [01/Sep/2016:14:46:13 +0530] "GET /files/fitnesse/bootstrap/js/bootstrap.js HTTP/1.1" 304 0
0:0:0:0:0:0:0:1 - - [01/Sep/2016:14:46:13 +0530] "GET /files/fitnesse/javascript/mousetrap.min.js HTTP/1.1" 304 0
0:0:0:0:0:0:0:1 - - [01/Sep/2016:14:46:13 +0530] "GET /files/fitnesse/bootstrap/js/respond.js HTTP/1.1" 304 0
0:0:0:0:0:0:0:1 - - [01/Sep/2016:14:46:13 +0530] "GET /files/fitnesse/question.mark/question.mark.js HTTP/1.1" 304 0
0:0:0:0:0:0:0:1 - - [01/Sep/2016:14:46:13 +0530] "GET /files/fitnesse/images/fitnesse-logo-small.png HTTP/1.1" 304 0
0:0:0:0:0:0:0:1 - - [01/Sep/2016:14:46:16 +0530] "GET /FrontPage.KnownCircleAndroid.ValidateContactDuplication.ImportConatctGmail HTTP/1.1" 200 17839
0:0:0:0:0:0:0:1 - - [01/Sep/2016:14:46:24 +0530] "GET /FrontPage.KnownCircleAndroid.ValidateContactDuplication.ImportConatctGmail?edit&redirectToReferer=true&redirectAction= HTTP/1.1" 200 9654
0:0:0:0:0:0:0:1 - - [01/Sep/2016:14:46:24 +0530] "GET /files/fitnesse/css/fitnesse_wiki.css HTTP/1.1" 200 4144
0:0:0:0:0:0:0:1 - - [01/Sep/2016:14:46:24 +0530] "GET /files/fitnesse/css/fitnesse_pages.css HTTP/1.1" 200 5410
0:0:0:0:0:0:0:1 - - [01/Sep/2016:14:46:24 +0530] "GET /files/fitnesse/wysiwyg/wysiwyg.css HTTP/1.1" 200 5230
0:0:0:0:0:0:0:1 - - [01/Sep/2016:14:46:24 +0530] "GET /files/fitnesse/question.mark/question.mark.css HTTP/1.1" 200 3291
0:0:0:0:0:0:0:1 - - [01/Sep/2016:14:46:24 +0530] "GET /files/fitnesse/javascript/jquery-1.11.3.min.js HTTP/1.1" 200 95957
0:0:0:0:0:0:0:1 - - [01/Sep/2016:14:46:24 +0530] "GET /files/fitnesse/codemirror/addon/foldgutter.css HTTP/1.1" 200 435
0:0:0:0:0:0:0:1 - - [01/Sep/2016:14:46:24 +0530] "GET /files/fitnesse/codemirror/codemirror.css HTTP/1.1" 200 7422
0:0:0:0:0:0:0:1 - - [01/Sep/2016:14:46:24 +0530] "GET /files/fitnesse/wysiwyg/editor.css HTTP/1.1" 200 1433
0:0:0:0:0:0:0:1 - - [01/Sep/2016:14:46:24 +0530] "GET /files/fitnesse/bootstrap/css/fitnesse-bootstrap.css HTTP/1.1" 200 135839
0:0:0:0:0:0:0:1 - - [01/Sep/2016:14:46:24 +0530] "GET /files/fitnesse/javascript/fitnesse.js HTTP/1.1" 200 6888
0:0:0:0:0:0:0:1 - - [01/Sep/2016:14:46:24 +0530] "GET /files/fitnesse/bootstrap/js/bootstrap.js HTTP/1.1" 200 55258
0:0:0:0:0:0:0:1 - - [01/Sep/2016:14:46:24 +0530] "GET /files/fitnesse/bootstrap/js/respond.js HTTP/1.1" 200 9746
0:0:0:0:0:0:0:1 - - [01/Sep/2016:14:46:24 +0530] "GET /files/fitnesse/javascript/textinputs_jquery.js HTTP/1.1" 200 3593
0:0:0:0:0:0:0:1 - - [01/Sep/2016:14:46:24 +0530] "GET /files/fitnesse/javascript/SpreadsheetTranslator.js HTTP/1.1" 200 3860
0:0:0:0:0:0:0:1 - - [01/Sep/2016:14:46:24 +0530] "GET /files/fitnesse/javascript/WikiFormatter.js HTTP/1.1" 200 9306
0:0:0:0:0:0:0:1 - - [01/Sep/2016:14:46:24 +0530] "GET /files/fitnesse/javascript/TemplateInserter.js HTTP/1.1" 200 470
0:0:0:0:0:0:0:1 - - [01/Sep/2016:14:46:24 +0530] "GET /files/fitnesse/javascript/mousetrap.min.js HTTP/1.1" 200 3850
0:0:0:0:0:0:0:1 - - [01/Sep/2016:14:46:24 +0530] "GET /files/fitnesse/codemirror/addon/foldcode.js HTTP/1.1" 200 4693
0:0:0:0:0:0:0:1 - - [01/Sep/2016:14:46:24 +0530] "GET /files/fitnesse/codemirror/addon/simple.js HTTP/1.1" 200 7898
0:0:0:0:0:0:0:1 - - [01/Sep/2016:14:46:24 +0530] "GET /files/fitnesse/codemirror/addon/foldgutter.js HTTP/1.1" 200 4435
0:0:0:0:0:0:0:1 - - [01/Sep/2016:14:46:24 +0530] "GET /files/fitnesse/codemirror/fitnesse/fitnesse.js HTTP/1.1" 200 3963
0:0:0:0:0:0:0:1 - - [01/Sep/2016:14:46:24 +0530] "GET /files/fitnesse/javascript/jquery.tagsinput.js HTTP/1.1" 200 10694
0:0:0:0:0:0:0:1 - - [01/Sep/2016:14:46:24 +0530] "GET /files/fitnesse/wysiwyg/wysiwyg.js HTTP/1.1" 200 155299
0:0:0:0:0:0:0:1 - - [01/Sep/2016:14:46:24 +0530] "GET /files/fitnesse/images/fitnesse-logo-small.png HTTP/1.1" 200 10408
0:0:0:0:0:0:0:1 - - [01/Sep/2016:14:46:24 +0530] "GET /files/fitnesse/codemirror/codemirror.js HTTP/1.1" 200 321093
0:0:0:0:0:0:0:1 - - [01/Sep/2016:14:46:40 +0530] "GET /FrontPage.KnownCircleAndroid.ValidateContactDuplication HTTP/1.1" 200 13911
0:0:0:0:0:0:0:1 - - [01/Sep/2016:14:46:40 +0530] "GET /files/fitnesse/css/fitnesse_wiki.css HTTP/1.1" 304 0
0:0:0:0:0:0:0:1 - - [01/Sep/2016:14:46:40 +0530] "GET /files/fitnesse/css/fitnesse_pages.css HTTP/1.1" 304 0
0:0:0:0:0:0:0:1 - - [01/Sep/2016:14:46:40 +0530] "GET /files/fitnesse/wysiwyg/wysiwyg.css HTTP/1.1" 304 0
0:0:0:0:0:0:0:1 - - [01/Sep/2016:14:46:40 +0530] "GET /files/fitnesse/bootstrap/css/fitnesse-bootstrap.css HTTP/1.1" 304 0
0:0:0:0:0:0:0:1 - - [01/Sep/2016:14:46:40 +0530] "GET /files/fitnesse/question.mark/question.mark.css HTTP/1.1" 304 0
0:0:0:0:0:0:0:1 - - [01/Sep/2016:14:46:40 +0530] "GET /files/fitnesse/javascript/jquery-1.11.3.min.js HTTP/1.1" 304 0
0:0:0:0:0:0:0:1 - - [01/Sep/2016:14:46:40 +0530] "GET /files/fitnesse/javascript/fitnesse.js HTTP/1.1" 304 0
0:0:0:0:0:0:0:1 - - [01/Sep/2016:14:46:40 +0530] "GET /files/fitnesse/bootstrap/js/bootstrap.js HTTP/1.1" 304 0
0:0:0:0:0:0:0:1 - - [01/Sep/2016:14:46:40 +0530] "GET /files/fitnesse/bootstrap/js/respond.js HTTP/1.1" 304 0
0:0:0:0:0:0:0:1 - - [01/Sep/2016:14:46:40 +0530] "GET /files/fitnesse/javascript/mousetrap.min.js HTTP/1.1" 304 0
0:0:0:0:0:0:0:1 - - [01/Sep/2016:14:46:40 +0530] "GET /files/fitnesse/question.mark/question.mark.js HTTP/1.1" 200 5439
0:0:0:0:0:0:0:1 - - [01/Sep/2016:14:46:40 +0530] "GET /files/fitnesse/images/fitnesse-logo-small.png HTTP/1.1" 304 0
0:0:0:0:0:0:0:1 - - [01/Sep/2016:14:46:44 +0530] "GET /FrontPage.KnownCircleAndroid.ValidateContactDuplication.ImportConatctGmail HTTP/1.1" 200 17839
0:0:0:0:0:0:0:1 - - [01/Sep/2016:14:48:14 +0530] "GET /FrontPage.KnownCircleAndroid.ValidateContactDuplication.ImportConatctGmail?edit HTTP/1.1" 200 9456
0:0:0:0:0:0:0:1 - - [01/Sep/2016:14:48:14 +0530] "GET /files/fitnesse/css/fitnesse_wiki.css HTTP/1.1" 304 0
0:0:0:0:0:0:0:1 - - [01/Sep/2016:14:48:14 +0530] "GET /files/fitnesse/css/fitnesse_pages.css HTTP/1.1" 304 0
0:0:0:0:0:0:0:1 - - [01/Sep/2016:14:48:14 +0530] "GET /files/fitnesse/wysiwyg/wysiwyg.css HTTP/1.1" 304 0
0:0:0:0:0:0:0:1 - - [01/Sep/2016:14:48:14 +0530] "GET /files/fitnesse/bootstrap/css/fitnesse-bootstrap.css HTTP/1.1" 304 0
0:0:0:0:0:0:0:1 - - [01/Sep/2016:14:48:14 +0530] "GET /files/fitnesse/question.mark/question.mark.css HTTP/1.1" 304 0
0:0:0:0:0:0:0:1 - - [01/Sep/2016:14:48:14 +0530] "GET /files/fitnesse/codemirror/addon/foldgutter.css HTTP/1.1" 200 435
0:0:0:0:0:0:0:1 - - [01/Sep/2016:14:48:14 +0530] "GET /files/fitnesse/codemirror/codemirror.css HTTP/1.1" 200 7422
0:0:0:0:0:0:0:1 - - [01/Sep/2016:14:48:14 +0530] "GET /files/fitnesse/wysiwyg/editor.css HTTP/1.1" 200 1433
0:0:0:0:0:0:0:1 - - [01/Sep/2016:14:48:14 +0530] "GET /files/fitnesse/javascript/jquery-1.11.3.min.js HTTP/1.1" 304 0
0:0:0:0:0:0:0:1 - - [01/Sep/2016:14:48:14 +0530] "GET /files/fitnesse/javascript/fitnesse.js HTTP/1.1" 304 0
0:0:0:0:0:0:0:1 - - [01/Sep/2016:14:48:14 +0530] "GET /files/fitnesse/bootstrap/js/bootstrap.js HTTP/1.1" 304 0
0:0:0:0:0:0:0:1 - - [01/Sep/2016:14:48:14 +0530] "GET /files/fitnesse/bootstrap/js/respond.js HTTP/1.1" 304 0
0:0:0:0:0:0:0:1 - - [01/Sep/2016:14:48:14 +0530] "GET /files/fitnesse/javascript/textinputs_jquery.js HTTP/1.1" 200 3593
0:0:0:0:0:0:0:1 - - [01/Sep/2016:14:48:14 +0530] "GET /files/fitnesse/javascript/SpreadsheetTranslator.js HTTP/1.1" 200 3860
0:0:0:0:0:0:0:1 - - [01/Sep/2016:14:48:14 +0530] "GET /files/fitnesse/javascript/WikiFormatter.js HTTP/1.1" 200 9306
0:0:0:0:0:0:0:1 - - [01/Sep/2016:14:48:14 +0530] "GET /files/fitnesse/javascript/TemplateInserter.js HTTP/1.1" 200 470
0:0:0:0:0:0:0:1 - - [01/Sep/2016:14:48:14 +0530] "GET /files/fitnesse/javascript/mousetrap.min.js HTTP/1.1" 304 0
0:0:0:0:0:0:0:1 - - [01/Sep/2016:14:48:14 +0530] "GET /files/fitnesse/codemirror/addon/foldcode.js HTTP/1.1" 200 4693
0:0:0:0:0:0:0:1 - - [01/Sep/2016:14:48:14 +0530] "GET /files/fitnesse/codemirror/addon/simple.js HTTP/1.1" 200 7898
0:0:0:0:0:0:0:1 - - [01/Sep/2016:14:48:14 +0530] "GET /files/fitnesse/codemirror/addon/foldgutter.js HTTP/1.1" 200 4435
0:0:0:0:0:0:0:1 - - [01/Sep/2016:14:48:14 +0530] "GET /files/fitnesse/codemirror/fitnesse/fitnesse.js HTTP/1.1" 200 3963
0:0:0:0:0:0:0:1 - - [01/Sep/2016:14:48:14 +0530] "GET /files/fitnesse/javascript/jquery.tagsinput.js HTTP/1.1" 200 10694
0:0:0:0:0:0:0:1 - - [01/Sep/2016:14:48:14 +0530] "GET /files/fitnesse/wysiwyg/wysiwyg.js HTTP/1.1" 200 155299
0:0:0:0:0:0:0:1 - - [01/Sep/2016:14:48:14 +0530] "GET /files/fitnesse/images/fitnesse-logo-small.png HTTP/1.1" 304 0
0:0:0:0:0:0:0:1 - - [01/Sep/2016:14:48:14 +0530] "GET /files/fitnesse/codemirror/codemirror.js HTTP/1.1" 200 321093
0:0:0:0:0:0:0:1 - - [01/Sep/2016:14:52:11 +0530] "GET /FrontPage.KnownCircleAndroid.ValidateContactDuplication HTTP/1.1" 200 13911
0:0:0:0:0:0:0:1 - - [01/Sep/2016:14:52:11 +0530] "GET /files/fitnesse/css/fitnesse_wiki.css HTTP/1.1" 304 0
0:0:0:0:0:0:0:1 - - [01/Sep/2016:14:52:11 +0530] "GET /files/fitnesse/css/fitnesse_pages.css HTTP/1.1" 304 0
0:0:0:0:0:0:0:1 - - [01/Sep/2016:14:52:11 +0530] "GET /files/fitnesse/wysiwyg/wysiwyg.css HTTP/1.1" 304 0
0:0:0:0:0:0:0:1 - - [01/Sep/2016:14:52:11 +0530] "GET /files/fitnesse/bootstrap/css/fitnesse-bootstrap.css HTTP/1.1" 304 0
0:0:0:0:0:0:0:1 - - [01/Sep/2016:14:52:11 +0530] "GET /files/fitnesse/question.mark/question.mark.css HTTP/1.1" 304 0
0:0:0:0:0:0:0:1 - - [01/Sep/2016:14:52:11 +0530] "GET /files/fitnesse/javascript/jquery-1.11.3.min.js HTTP/1.1" 304 0
0:0:0:0:0:0:0:1 - - [01/Sep/2016:14:52:11 +0530] "GET /files/fitnesse/javascript/fitnesse.js HTTP/1.1" 304 0
0:0:0:0:0:0:0:1 - - [01/Sep/2016:14:52:11 +0530] "GET /files/fitnesse/bootstrap/js/bootstrap.js HTTP/1.1" 304 0
0:0:0:0:0:0:0:1 - - [01/Sep/2016:14:52:11 +0530] "GET /files/fitnesse/bootstrap/js/respond.js HTTP/1.1" 304 0
0:0:0:0:0:0:0:1 - - [01/Sep/2016:14:52:11 +0530] "GET /files/fitnesse/javascript/mousetrap.min.js HTTP/1.1" 304 0
0:0:0:0:0:0:0:1 - - [01/Sep/2016:14:52:11 +0530] "GET /files/fitnesse/question.mark/question.mark.js HTTP/1.1" 304 0
0:0:0:0:0:0:0:1 - - [01/Sep/2016:14:52:11 +0530] "GET /files/fitnesse/images/fitnesse-logo-small.png HTTP/1.1" 304 0
0:0:0:0:0:0:0:1 - - [01/Sep/2016:14:52:13 +0530] "GET /FrontPage.KnownCircleAndroid HTTP/1.1" 200 17988
0:0:0:0:0:0:0:1 - - [01/Sep/2016:15:10:05 +0530] "GET /FrontPage.KnownCircleAndroid HTTP/1.1" 200 18395
0:0:0:0:0:0:0:1 - - [01/Sep/2016:15:10:05 +0530] "GET /files/fitnesse/css/fitnesse_wiki.css HTTP/1.1" 304 0
0:0:0:0:0:0:0:1 - - [01/Sep/2016:15:10:05 +0530] "GET /files/fitnesse/css/fitnesse_pages.css HTTP/1.1" 304 0
0:0:0:0:0:0:0:1 - - [01/Sep/2016:15:10:05 +0530] "GET /files/fitnesse/wysiwyg/wysiwyg.css HTTP/1.1" 304 0
0:0:0:0:0:0:0:1 - - [01/Sep/2016:15:10:05 +0530] "GET /files/fitnesse/bootstrap/css/fitnesse-bootstrap.css HTTP/1.1" 304 0
0:0:0:0:0:0:0:1 - - [01/Sep/2016:15:10:05 +0530] "GET /files/fitnesse/question.mark/question.mark.css HTTP/1.1" 304 0
0:0:0:0:0:0:0:1 - - [01/Sep/2016:15:10:05 +0530] "GET /files/fitnesse/javascript/jquery-1.11.3.min.js HTTP/1.1" 304 0
0:0:0:0:0:0:0:1 - - [01/Sep/2016:15:10:05 +0530] "GET /files/fitnesse/javascript/fitnesse.js HTTP/1.1" 304 0
0:0:0:0:0:0:0:1 - - [01/Sep/2016:15:10:05 +0530] "GET /files/fitnesse/bootstrap/js/bootstrap.js HTTP/1.1" 304 0
0:0:0:0:0:0:0:1 - - [01/Sep/2016:15:10:05 +0530] "GET /files/fitnesse/bootstrap/js/respond.js HTTP/1.1" 304 0
0:0:0:0:0:0:0:1 - - [01/Sep/2016:15:10:05 +0530] "GET /files/fitnesse/javascript/mousetrap.min.js HTTP/1.1" 304 0
0:0:0:0:0:0:0:1 - - [01/Sep/2016:15:10:05 +0530] "GET /files/fitnesse/question.mark/question.mark.js HTTP/1.1" 304 0
0:0:0:0:0:0:0:1 - - [01/Sep/2016:15:10:05 +0530] "GET /files/fitnesse/images/fitnesse-logo-small.png HTTP/1.1" 304 0
0:0:0:0:0:0:0:1 - - [01/Sep/2016:15:10:10 +0530] "GET /FrontPage.KnownCircleAndroid.GmailContactSynchronization HTTP/1.1" 200 13455
0:0:0:0:0:0:0:1 - - [01/Sep/2016:15:16:12 +0530] "GET /FrontPage HTTP/1.1" 200 12157
0:0:0:0:0:0:0:1 - - [01/Sep/2016:15:16:13 +0530] "GET /files/fitnesse/css/fitnesse_wiki.css HTTP/1.1" 304 0
0:0:0:0:0:0:0:1 - - [01/Sep/2016:15:16:13 +0530] "GET /files/fitnesse/css/fitnesse_pages.css HTTP/1.1" 304 0
0:0:0:0:0:0:0:1 - - [01/Sep/2016:15:16:13 +0530] "GET /files/fitnesse/wysiwyg/wysiwyg.css HTTP/1.1" 304 0
0:0:0:0:0:0:0:1 - - [01/Sep/2016:15:16:13 +0530] "GET /files/fitnesse/bootstrap/css/fitnesse-bootstrap.css HTTP/1.1" 304 0
0:0:0:0:0:0:0:1 - - [01/Sep/2016:15:16:13 +0530] "GET /files/fitnesse/question.mark/question.mark.css HTTP/1.1" 304 0
0:0:0:0:0:0:0:1 - - [01/Sep/2016:15:16:13 +0530] "GET /files/fitnesse/javascript/jquery-1.11.3.min.js HTTP/1.1" 304 0
0:0:0:0:0:0:0:1 - - [01/Sep/2016:15:16:13 +0530] "GET /files/fitnesse/javascript/fitnesse.js HTTP/1.1" 304 0
0:0:0:0:0:0:0:1 - - [01/Sep/2016:15:16:13 +0530] "GET /files/fitnesse/bootstrap/js/bootstrap.js HTTP/1.1" 304 0
0:0:0:0:0:0:0:1 - - [01/Sep/2016:15:16:13 +0530] "GET /files/fitnesse/bootstrap/js/respond.js HTTP/1.1" 304 0
0:0:0:0:0:0:0:1 - - [01/Sep/2016:15:16:13 +0530] "GET /files/fitnesse/javascript/mousetrap.min.js HTTP/1.1" 304 0
0:0:0:0:0:0:0:1 - - [01/Sep/2016:15:16:13 +0530] "GET /files/fitnesse/question.mark/question.mark.js HTTP/1.1" 304 0
0:0:0:0:0:0:0:1 - - [01/Sep/2016:15:16:13 +0530] "GET /files/fitnesse/images/fitnesse-logo-small.png HTTP/1.1" 304 0
0:0:0:0:0:0:0:1 - - [01/Sep/2016:15:16:15 +0530] "GET /FrontPage.KnownCircleAndroid HTTP/1.1" 200 18395
0:0:0:0:0:0:0:1 - - [01/Sep/2016:15:16:18 +0530] "GET /FrontPage.KnownCircleAndroid.AndroidSettings HTTP/1.1" 200 14001
0:0:0:0:0:0:0:1 - - [01/Sep/2016:15:16:19 +0530] "GET /files/fitnesse/bootstrap/img/plus-sign.png HTTP/1.1" 200 1289
0:0:0:0:0:0:0:1 - - [01/Sep/2016:15:16:20 +0530] "GET /GlobalSettings.KnownCircleSettingsMobile?edit&redirectToReferer=true&redirectAction= HTTP/1.1" 200 7484
0:0:0:0:0:0:0:1 - - [01/Sep/2016:15:16:20 +0530] "GET /files/fitnesse/javascript/textinputs_jquery.js HTTP/1.1" 304 0
0:0:0:0:0:0:0:1 - - [01/Sep/2016:15:16:20 +0530] "GET /files/fitnesse/javascript/SpreadsheetTranslator.js HTTP/1.1" 304 0
0:0:0:0:0:0:0:1 - - [01/Sep/2016:15:16:20 +0530] "GET /files/fitnesse/javascript/WikiFormatter.js HTTP/1.1" 304 0
0:0:0:0:0:0:0:1 - - [01/Sep/2016:15:16:20 +0530] "GET /files/fitnesse/javascript/TemplateInserter.js HTTP/1.1" 304 0
0:0:0:0:0:0:0:1 - - [01/Sep/2016:15:16:20 +0530] "GET /files/fitnesse/codemirror/codemirror.js HTTP/1.1" 304 0
0:0:0:0:0:0:0:1 - - [01/Sep/2016:15:16:20 +0530] "GET /files/fitnesse/codemirror/addon/foldcode.js HTTP/1.1" 304 0
0:0:0:0:0:0:0:1 - - [01/Sep/2016:15:16:20 +0530] "GET /files/fitnesse/codemirror/addon/foldgutter.css HTTP/1.1" 304 0
0:0:0:0:0:0:0:1 - - [01/Sep/2016:15:16:20 +0530] "GET /files/fitnesse/codemirror/codemirror.css HTTP/1.1" 304 0
0:0:0:0:0:0:0:1 - - [01/Sep/2016:15:16:20 +0530] "GET /files/fitnesse/wysiwyg/editor.css HTTP/1.1" 304 0
0:0:0:0:0:0:0:1 - - [01/Sep/2016:15:16:20 +0530] "GET /files/fitnesse/codemirror/addon/simple.js HTTP/1.1" 304 0
0:0:0:0:0:0:0:1 - - [01/Sep/2016:15:16:20 +0530] "GET /files/fitnesse/codemirror/addon/foldgutter.js HTTP/1.1" 304 0
0:0:0:0:0:0:0:1 - - [01/Sep/2016:15:16:20 +0530] "GET /files/fitnesse/codemirror/fitnesse/fitnesse.js HTTP/1.1" 304 0
0:0:0:0:0:0:0:1 - - [01/Sep/2016:15:16:20 +0530] "GET /files/fitnesse/wysiwyg/wysiwyg.js HTTP/1.1" 304 0
0:0:0:0:0:0:0:1 - - [01/Sep/2016:15:16:20 +0530] "GET /files/fitnesse/javascript/jquery.tagsinput.js HTTP/1.1" 304 0
0:0:0:0:0:0:0:1 - - [01/Sep/2016:15:16:34 +0530] "GET /FrontPage.KnownCircleAndroid.ValidateContactDuplication HTTP/1.1" 200 14232
0:0:0:0:0:0:0:1 - - [01/Sep/2016:15:16:34 +0530] "GET /files/fitnesse/css/fitnesse_wiki.css HTTP/1.1" 304 0
0:0:0:0:0:0:0:1 - - [01/Sep/2016:15:16:34 +0530] "GET /files/fitnesse/css/fitnesse_pages.css HTTP/1.1" 304 0
0:0:0:0:0:0:0:1 - - [01/Sep/2016:15:16:34 +0530] "GET /files/fitnesse/wysiwyg/wysiwyg.css HTTP/1.1" 304 0
0:0:0:0:0:0:0:1 - - [01/Sep/2016:15:16:34 +0530] "GET /files/fitnesse/bootstrap/css/fitnesse-bootstrap.css HTTP/1.1" 304 0
0:0:0:0:0:0:0:1 - - [01/Sep/2016:15:16:34 +0530] "GET /files/fitnesse/question.mark/question.mark.css HTTP/1.1" 304 0
0:0:0:0:0:0:0:1 - - [01/Sep/2016:15:16:34 +0530] "GET /files/fitnesse/javascript/jquery-1.11.3.min.js HTTP/1.1" 304 0
0:0:0:0:0:0:0:1 - - [01/Sep/2016:15:16:34 +0530] "GET /files/fitnesse/javascript/fitnesse.js HTTP/1.1" 304 0
0:0:0:0:0:0:0:1 - - [01/Sep/2016:15:16:34 +0530] "GET /files/fitnesse/bootstrap/js/bootstrap.js HTTP/1.1" 304 0
0:0:0:0:0:0:0:1 - - [01/Sep/2016:15:16:34 +0530] "GET /files/fitnesse/bootstrap/js/respond.js HTTP/1.1" 304 0
0:0:0:0:0:0:0:1 - - [01/Sep/2016:15:16:34 +0530] "GET /files/fitnesse/javascript/mousetrap.min.js HTTP/1.1" 304 0
0:0:0:0:0:0:0:1 - - [01/Sep/2016:15:16:34 +0530] "GET /files/fitnesse/question.mark/question.mark.js HTTP/1.1" 304 0
0:0:0:0:0:0:0:1 - - [01/Sep/2016:15:16:34 +0530] "GET /files/fitnesse/images/fitnesse-logo-small.png HTTP/1.1" 304 0
0:0:0:0:0:0:0:1 - - [01/Sep/2016:15:16:36 +0530] "GET /FrontPage.KnownCircleAndroid.ValidateContactDuplication.CommonImportGmailDuplication HTTP/1.1" 200 18029
0:0:0:0:0:0:0:1 - - [01/Sep/2016:15:16:54 +0530] "GET /FrontPage.KnownCircleAndroid.ValidateContactDuplication HTTP/1.1" 200 14232
0:0:0:0:0:0:0:1 - - [01/Sep/2016:15:16:57 +0530] "GET /FrontPage.KnownCircleAndroid.ValidateContactDuplication.CommonResolveDuplicate HTTP/1.1" 200 12459
0:0:0:0:0:0:0:1 - - [01/Sep/2016:15:17:00 +0530] "GET /FrontPage.KnownCircleAndroid.ValidateContactDuplication HTTP/1.1" 200 14232
0:0:0:0:0:0:0:1 - - [01/Sep/2016:15:17:02 +0530] "GET /FrontPage.KnownCircleAndroid.ValidateContactDuplication.CommonImportGmailDuplication HTTP/1.1" 200 18029
0:0:0:0:0:0:0:1 - - [01/Sep/2016:15:17:05 +0530] "GET /FrontPage.KnownCircleAndroid.ValidateContactDuplication.CommonImportGmailDuplication?edit HTTP/1.1" 200 9517
0:0:0:0:0:0:0:1 - - [01/Sep/2016:15:17:05 +0530] "GET /files/fitnesse/javascript/textinputs_jquery.js HTTP/1.1" 304 0
0:0:0:0:0:0:0:1 - - [01/Sep/2016:15:17:05 +0530] "GET /files/fitnesse/javascript/SpreadsheetTranslator.js HTTP/1.1" 304 0
0:0:0:0:0:0:0:1 - - [01/Sep/2016:15:17:05 +0530] "GET /files/fitnesse/javascript/WikiFormatter.js HTTP/1.1" 304 0
0:0:0:0:0:0:0:1 - - [01/Sep/2016:15:17:05 +0530] "GET /files/fitnesse/javascript/TemplateInserter.js HTTP/1.1" 304 0
0:0:0:0:0:0:0:1 - - [01/Sep/2016:15:17:05 +0530] "GET /files/fitnesse/codemirror/codemirror.js HTTP/1.1" 304 0
0:0:0:0:0:0:0:1 - - [01/Sep/2016:15:17:05 +0530] "GET /files/fitnesse/codemirror/addon/foldcode.js HTTP/1.1" 304 0
0:0:0:0:0:0:0:1 - - [01/Sep/2016:15:17:05 +0530] "GET /files/fitnesse/codemirror/addon/simple.js HTTP/1.1" 304 0
0:0:0:0:0:0:0:1 - - [01/Sep/2016:15:17:05 +0530] "GET /files/fitnesse/codemirror/addon/foldgutter.js HTTP/1.1" 304 0
0:0:0:0:0:0:0:1 - - [01/Sep/2016:15:17:05 +0530] "GET /files/fitnesse/codemirror/addon/foldgutter.css HTTP/1.1" 304 0
0:0:0:0:0:0:0:1 - - [01/Sep/2016:15:17:05 +0530] "GET /files/fitnesse/codemirror/codemirror.css HTTP/1.1" 304 0
0:0:0:0:0:0:0:1 - - [01/Sep/2016:15:17:05 +0530] "GET /files/fitnesse/wysiwyg/editor.css HTTP/1.1" 304 0
0:0:0:0:0:0:0:1 - - [01/Sep/2016:15:17:05 +0530] "GET /files/fitnesse/codemirror/fitnesse/fitnesse.js HTTP/1.1" 304 0
0:0:0:0:0:0:0:1 - - [01/Sep/2016:15:17:05 +0530] "GET /files/fitnesse/wysiwyg/wysiwyg.js HTTP/1.1" 304 0
0:0:0:0:0:0:0:1 - - [01/Sep/2016:15:17:05 +0530] "GET /files/fitnesse/javascript/jquery.tagsinput.js HTTP/1.1" 304 0
0:0:0:0:0:0:0:1 - - [01/Sep/2016:15:17:07 +0530] "GET /FrontPage.KnownCircleAndroid.ValidateContactDuplication HTTP/1.1" 200 14232
0:0:0:0:0:0:0:1 - - [01/Sep/2016:15:17:09 +0530] "GET /FrontPage.KnownCircleAndroid.ValidateContactDuplication.CommonImportGmailDuplication HTTP/1.1" 200 18029
0:0:0:0:0:0:0:1 - - [01/Sep/2016:15:17:11 +0530] "GET /FrontPage.KnownCircleAndroid.ValidateContactDuplication.CommonImportGmailDuplication?properties HTTP/1.1" 200 6677
0:0:0:0:0:0:0:1 - - [01/Sep/2016:15:17:57 +0530] "GET /GlobalSettings HTTP/1.1" 200 11436
0:0:0:0:0:0:0:1 - - [01/Sep/2016:15:18:00 +0530] "GET /FrontPage HTTP/1.1" 200 12157
0:0:0:0:0:0:0:1 - - [01/Sep/2016:15:18:01 +0530] "GET /FrontPage.KnownCircleAndroid HTTP/1.1" 200 18395
0:0:0:0:0:0:0:1 - - [01/Sep/2016:15:18:06 +0530] "GET /FrontPage.KnownCircleAndroid.GmailContactSynchronization HTTP/1.1" 200 13455
0:0:0:0:0:0:0:1 - - [01/Sep/2016:15:18:08 +0530] "GET /FrontPage.KnownCircleAndroid.GmailContactSynchronization?edit HTTP/1.1" 200 7801
0:0:0:0:0:0:0:1 - - [01/Sep/2016:15:18:53 +0530] "POST /FrontPage.KnownCircleAndroid.GmailContactSynchronization HTTP/1.1" 303 0
0:0:0:0:0:0:0:1 - - [01/Sep/2016:15:18:53 +0530] "GET /FrontPage.KnownCircleAndroid.GmailContactSynchronization HTTP/1.1" 200 13422
0:0:0:0:0:0:0:1 - - [01/Sep/2016:15:18:56 +0530] "GET /FrontPage.KnownCircleAndroid HTTP/1.1" 200 18395
0:0:0:0:0:0:0:1 - - [01/Sep/2016:15:19:00 +0530] "GET /FrontPage.KnownCircleAndroid.ValidateContactDuplication.CommonImportGmailDuplication HTTP/1.1" 200 18029
0:0:0:0:0:0:0:1 - - [01/Sep/2016:15:19:07 +0530] "GET /FrontPage.KnownCircleAndroid.ValidateContactDuplication.CommonImportGmailDuplication?deletePage HTTP/1.1" 200 2800
0:0:0:0:0:0:0:1 - - [01/Sep/2016:15:19:08 +0530] "POST /FrontPage.KnownCircleAndroid.ValidateContactDuplication.CommonImportGmailDuplication?deletePage HTTP/1.1" 303 0
0:0:0:0:0:0:0:1 - - [01/Sep/2016:15:19:08 +0530] "GET /FrontPage.KnownCircleAndroid.ValidateContactDuplication HTTP/1.1" 200 13977
0:0:0:0:0:0:0:1 - - [01/Sep/2016:15:19:10 +0530] "GET /FrontPage.KnownCircleAndroid.ValidateContactDuplication.CommonResolveDuplicate HTTP/1.1" 200 12459
0:0:0:0:0:0:0:1 - - [01/Sep/2016:15:19:14 +0530] "GET /FrontPage.KnownCircleAndroid.ValidateContactDuplication.CommonResolveDuplicate?deletePage HTTP/1.1" 200 2770
0:0:0:0:0:0:0:1 - - [01/Sep/2016:15:19:18 +0530] "POST /FrontPage.KnownCircleAndroid.ValidateContactDuplication.CommonResolveDuplicate?deletePage HTTP/1.1" 303 0
0:0:0:0:0:0:0:1 - - [01/Sep/2016:15:19:18 +0530] "GET /FrontPage.KnownCircleAndroid.ValidateContactDuplication HTTP/1.1" 200 13769
0:0:0:0:0:0:0:1 - - [01/Sep/2016:15:19:24 +0530] "GET /FrontPage.KnownCircleAndroid.ValidateContactDuplication.ImportConatctGmail HTTP/1.1" 200 11458
0:0:0:0:0:0:0:1 - - [01/Sep/2016:15:19:24 +0530] "GET /files/fitnesse/css/fitnesse_wiki.css HTTP/1.1" 304 0
0:0:0:0:0:0:0:1 - - [01/Sep/2016:15:19:24 +0530] "GET /files/fitnesse/css/fitnesse_pages.css HTTP/1.1" 304 0
0:0:0:0:0:0:0:1 - - [01/Sep/2016:15:19:24 +0530] "GET /files/fitnesse/wysiwyg/wysiwyg.css HTTP/1.1" 304 0
0:0:0:0:0:0:0:1 - - [01/Sep/2016:15:19:24 +0530] "GET /files/fitnesse/bootstrap/css/fitnesse-bootstrap.css HTTP/1.1" 304 0
0:0:0:0:0:0:0:1 - - [01/Sep/2016:15:19:24 +0530] "GET /files/fitnesse/question.mark/question.mark.css HTTP/1.1" 304 0
0:0:0:0:0:0:0:1 - - [01/Sep/2016:15:19:24 +0530] "GET /files/fitnesse/javascript/jquery-1.11.3.min.js HTTP/1.1" 304 0
0:0:0:0:0:0:0:1 - - [01/Sep/2016:15:19:24 +0530] "GET /files/fitnesse/javascript/fitnesse.js HTTP/1.1" 304 0
0:0:0:0:0:0:0:1 - - [01/Sep/2016:15:19:24 +0530] "GET /files/fitnesse/bootstrap/js/bootstrap.js HTTP/1.1" 304 0
0:0:0:0:0:0:0:1 - - [01/Sep/2016:15:19:24 +0530] "GET /files/fitnesse/bootstrap/js/respond.js HTTP/1.1" 304 0
0:0:0:0:0:0:0:1 - - [01/Sep/2016:15:19:24 +0530] "GET /files/fitnesse/javascript/mousetrap.min.js HTTP/1.1" 304 0
0:0:0:0:0:0:0:1 - - [01/Sep/2016:15:19:24 +0530] "GET /files/fitnesse/question.mark/question.mark.js HTTP/1.1" 304 0
0:0:0:0:0:0:0:1 - - [01/Sep/2016:15:19:24 +0530] "GET /files/fitnesse/images/fitnesse-logo-small.png HTTP/1.1" 304 0
0:0:0:0:0:0:0:1 - - [01/Sep/2016:15:19:26 +0530] "GET /FrontPage.KnownCircleAndroid.ValidateContactDuplication HTTP/1.1" 200 13769
0:0:0:0:0:0:0:1 - - [01/Sep/2016:15:19:28 +0530] "GET /FrontPage.KnownCircleAndroid.ValidateContactDuplication.ResolveDuplicate HTTP/1.1" 200 11420
0:0:0:0:0:0:0:1 - - [01/Sep/2016:15:19:35 +0530] "GET /FrontPage.KnownCircleAndroid.ValidateContactDuplication HTTP/1.1" 200 13769
0:0:0:0:0:0:0:1 - - [01/Sep/2016:15:19:36 +0530] "GET /FrontPage.KnownCircleAndroid.ValidateContactDuplication.TestSplitString HTTP/1.1" 200 12016
0:0:0:0:0:0:0:1 - - [01/Sep/2016:15:19:38 +0530] "GET /FrontPage.KnownCircleAndroid.ValidateContactDuplication HTTP/1.1" 200 13769
0:0:0:0:0:0:0:1 - - [01/Sep/2016:15:19:40 +0530] "GET /FrontPage.KnownCircleAndroid HTTP/1.1" 200 17916
0:0:0:0:0:0:0:1 - - [01/Sep/2016:15:19:50 +0530] "GET /FrontPage.KnownCircleAndroid?testHistory HTTP/1.1" 200 2754
0:0:0:0:0:0:0:1 - - [01/Sep/2016:15:19:51 +0530] "GET /FrontPage HTTP/1.1" 200 12157
0:0:0:0:0:0:0:1 - - [01/Sep/2016:15:19:55 +0530] "GET /RecentChanges HTTP/1.1" 200 36011
0:0:0:0:0:0:0:1 - - [01/Sep/2016:15:21:10 +0530] "GET /FrontPage.KnownCircleAndroid.ValidateContactDuplication HTTP/1.1" 200 13769
0:0:0:0:0:0:0:1 - - [01/Sep/2016:15:21:10 +0530] "GET /files/fitnesse/css/fitnesse_wiki.css HTTP/1.1" 304 0
0:0:0:0:0:0:0:1 - - [01/Sep/2016:15:21:10 +0530] "GET /files/fitnesse/css/fitnesse_pages.css HTTP/1.1" 304 0
0:0:0:0:0:0:0:1 - - [01/Sep/2016:15:21:10 +0530] "GET /files/fitnesse/wysiwyg/wysiwyg.css HTTP/1.1" 304 0
0:0:0:0:0:0:0:1 - - [01/Sep/2016:15:21:10 +0530] "GET /files/fitnesse/bootstrap/css/fitnesse-bootstrap.css HTTP/1.1" 304 0
0:0:0:0:0:0:0:1 - - [01/Sep/2016:15:21:10 +0530] "GET /files/fitnesse/question.mark/question.mark.css HTTP/1.1" 304 0
0:0:0:0:0:0:0:1 - - [01/Sep/2016:15:21:10 +0530] "GET /files/fitnesse/javascript/jquery-1.11.3.min.js HTTP/1.1" 304 0
0:0:0:0:0:0:0:1 - - [01/Sep/2016:15:21:10 +0530] "GET /files/fitnesse/javascript/fitnesse.js HTTP/1.1" 304 0
0:0:0:0:0:0:0:1 - - [01/Sep/2016:15:21:10 +0530] "GET /files/fitnesse/bootstrap/js/bootstrap.js HTTP/1.1" 304 0
0:0:0:0:0:0:0:1 - - [01/Sep/2016:15:21:10 +0530] "GET /files/fitnesse/bootstrap/js/respond.js HTTP/1.1" 304 0
0:0:0:0:0:0:0:1 - - [01/Sep/2016:15:21:10 +0530] "GET /files/fitnesse/javascript/mousetrap.min.js HTTP/1.1" 304 0
0:0:0:0:0:0:0:1 - - [01/Sep/2016:15:21:10 +0530] "GET /files/fitnesse/question.mark/question.mark.js HTTP/1.1" 304 0
0:0:0:0:0:0:0:1 - - [01/Sep/2016:15:21:10 +0530] "GET /files/fitnesse/images/fitnesse-logo-small.png HTTP/1.1" 304 0
0:0:0:0:0:0:0:1 - - [01/Sep/2016:15:21:12 +0530] "GET /FrontPage.KnownCircleAndroid.ValidateContactDuplication.ImportConatctGmail HTTP/1.1" 200 11458
0:0:0:0:0:0:0:1 - - [01/Sep/2016:15:21:13 +0530] "GET /FrontPage.KnownCircleAndroid.ValidateContactDuplication HTTP/1.1" 200 13769
0:0:0:0:0:0:0:1 - - [01/Sep/2016:15:21:14 +0530] "GET /FrontPage.KnownCircleAndroid.ValidateContactDuplication.VerifyIgnoreSelectedForRandomContacts HTTP/1.1" 200 23971
0:0:0:0:0:0:0:1 - - [01/Sep/2016:15:21:14 +0530] "GET /files/fitnesse/bootstrap/img/plus-sign.png HTTP/1.1" 200 1289
0:0:0:0:0:0:0:1 - - [01/Sep/2016:15:21:16 +0530] "GET /FrontPage.KnownCircleAndroid.ValidateContactDuplication HTTP/1.1" 200 13769
0:0:0:0:0:0:0:1 - - [01/Sep/2016:15:21:17 +0530] "GET /FrontPage.KnownCircleAndroid.ValidateContactDuplication.ResolveDuplicate HTTP/1.1" 200 11420
0:0:0:0:0:0:0:1 - - [01/Sep/2016:15:21:19 +0530] "GET /FrontPage.KnownCircleAndroid.ValidateContactDuplication HTTP/1.1" 200 13769
0:0:0:0:0:0:0:1 - - [01/Sep/2016:15:21:20 +0530] "GET /FrontPage.KnownCircleAndroid.ValidateContactDuplication.TestSplitString HTTP/1.1" 200 12016
0:0:0:0:0:0:0:1 - - [01/Sep/2016:15:21:22 +0530] "GET /FrontPage.KnownCircleAndroid.ValidateContactDuplication HTTP/1.1" 200 13769
0:0:0:0:0:0:0:1 - - [01/Sep/2016:15:21:29 +0530] "GET /FrontPage HTTP/1.1" 200 12157
0:0:0:0:0:0:0:1 - - [01/Sep/2016:15:21:31 +0530] "GET /FrontPage.KnownCircleAndroid HTTP/1.1" 200 17916
0:0:0:0:0:0:0:1 - - [01/Sep/2016:15:21:33 +0530] "GET /FrontPage.KnownCircleAndroid.ValidateContactDuplication.ResolveDuplicate HTTP/1.1" 200 11420
0:0:0:0:0:0:0:1 - - [01/Sep/2016:15:21:35 +0530] "GET /FrontPage.KnownCircleAndroid.ValidateContactDuplication HTTP/1.1" 200 13769
0:0:0:0:0:0:0:1 - - [01/Sep/2016:15:21:38 +0530] "GET /FrontPage.KnownCircleAndroid.ValidateContactDuplication.ResolveDuplicate HTTP/1.1" 200 11420
0:0:0:0:0:0:0:1 - - [01/Sep/2016:15:21:43 +0530] "GET /FrontPage.KnownCircleAndroid.ValidateContactDuplication HTTP/1.1" 200 13769
0:0:0:0:0:0:0:1 - - [01/Sep/2016:15:21:57 +0530] "GET /FrontPage.KnownCircleAndroid.ValidateContactDuplication.ValidateResolveDuplicateCount HTTP/1.1" 200 19763
0:0:0:0:0:0:0:1 - - [01/Sep/2016:15:21:57 +0530] "GET /files/fitnesse/bootstrap/img/plus-sign.png HTTP/1.1" 304 0
0:0:0:0:0:0:0:1 - - [01/Sep/2016:15:22:07 +0530] "GET /FrontPage.KnownCircleAndroid.ValidateContactDuplication.CommonResolveDuplicate?edit&nonExistent=true HTTP/1.1" 200 7290
0:0:0:0:0:0:0:1 - - [01/Sep/2016:15:22:07 +0530] "GET /files/fitnesse/javascript/textinputs_jquery.js HTTP/1.1" 304 0
0:0:0:0:0:0:0:1 - - [01/Sep/2016:15:22:07 +0530] "GET /files/fitnesse/javascript/SpreadsheetTranslator.js HTTP/1.1" 304 0
0:0:0:0:0:0:0:1 - - [01/Sep/2016:15:22:07 +0530] "GET /files/fitnesse/codemirror/addon/foldgutter.css HTTP/1.1" 304 0
0:0:0:0:0:0:0:1 - - [01/Sep/2016:15:22:07 +0530] "GET /files/fitnesse/codemirror/codemirror.css HTTP/1.1" 304 0
0:0:0:0:0:0:0:1 - - [01/Sep/2016:15:22:07 +0530] "GET /files/fitnesse/wysiwyg/editor.css HTTP/1.1" 304 0
0:0:0:0:0:0:0:1 - - [01/Sep/2016:15:22:07 +0530] "GET /files/fitnesse/javascript/WikiFormatter.js HTTP/1.1" 304 0
0:0:0:0:0:0:0:1 - - [01/Sep/2016:15:22:07 +0530] "GET /files/fitnesse/javascript/TemplateInserter.js HTTP/1.1" 304 0
0:0:0:0:0:0:0:1 - - [01/Sep/2016:15:22:07 +0530] "GET /files/fitnesse/codemirror/codemirror.js HTTP/1.1" 304 0
0:0:0:0:0:0:0:1 - - [01/Sep/2016:15:22:07 +0530] "GET /files/fitnesse/codemirror/addon/foldcode.js HTTP/1.1" 304 0
0:0:0:0:0:0:0:1 - - [01/Sep/2016:15:22:07 +0530] "GET /files/fitnesse/codemirror/addon/simple.js HTTP/1.1" 304 0
0:0:0:0:0:0:0:1 - - [01/Sep/2016:15:22:07 +0530] "GET /files/fitnesse/codemirror/addon/foldgutter.js HTTP/1.1" 304 0
0:0:0:0:0:0:0:1 - - [01/Sep/2016:15:22:07 +0530] "GET /files/fitnesse/codemirror/fitnesse/fitnesse.js HTTP/1.1" 304 0
0:0:0:0:0:0:0:1 - - [01/Sep/2016:15:22:07 +0530] "GET /files/fitnesse/wysiwyg/wysiwyg.js HTTP/1.1" 304 0
0:0:0:0:0:0:0:1 - - [01/Sep/2016:15:22:07 +0530] "GET /files/fitnesse/javascript/jquery.tagsinput.js HTTP/1.1" 304 0
0:0:0:0:0:0:0:1 - - [01/Sep/2016:15:22:45 +0530] "POST /FrontPage.KnownCircleAndroid.ValidateContactDuplication.CommonResolveDuplicate HTTP/1.1" 303 0
0:0:0:0:0:0:0:1 - - [01/Sep/2016:15:22:45 +0530] "GET /FrontPage.KnownCircleAndroid.ValidateContactDuplication.CommonResolveDuplicate HTTP/1.1" 200 12464
0:0:0:0:0:0:0:1 - - [01/Sep/2016:15:22:47 +0530] "GET /FrontPage.KnownCircleAndroid.ValidateContactDuplication HTTP/1.1" 200 13982
0:0:0:0:0:0:0:1 - - [01/Sep/2016:15:22:49 +0530] "GET /FrontPage.KnownCircleAndroid.ValidateContactDuplication.ResolveDuplicate HTTP/1.1" 200 11420
0:0:0:0:0:0:0:1 - - [01/Sep/2016:15:22:52 +0530] "GET /FrontPage.KnownCircleAndroid.ValidateContactDuplication HTTP/1.1" 200 13982
0:0:0:0:0:0:0:1 - - [01/Sep/2016:15:22:52 +0530] "GET /files/fitnesse/css/fitnesse_wiki.css HTTP/1.1" 304 0
0:0:0:0:0:0:0:1 - - [01/Sep/2016:15:22:52 +0530] "GET /files/fitnesse/css/fitnesse_pages.css HTTP/1.1" 304 0
0:0:0:0:0:0:0:1 - - [01/Sep/2016:15:22:52 +0530] "GET /files/fitnesse/wysiwyg/wysiwyg.css HTTP/1.1" 304 0
0:0:0:0:0:0:0:1 - - [01/Sep/2016:15:22:52 +0530] "GET /files/fitnesse/bootstrap/css/fitnesse-bootstrap.css HTTP/1.1" 304 0
0:0:0:0:0:0:0:1 - - [01/Sep/2016:15:22:52 +0530] "GET /files/fitnesse/question.mark/question.mark.css HTTP/1.1" 304 0
0:0:0:0:0:0:0:1 - - [01/Sep/2016:15:22:52 +0530] "GET /files/fitnesse/javascript/jquery-1.11.3.min.js HTTP/1.1" 304 0
0:0:0:0:0:0:0:1 - - [01/Sep/2016:15:22:52 +0530] "GET /files/fitnesse/javascript/fitnesse.js HTTP/1.1" 304 0
0:0:0:0:0:0:0:1 - - [01/Sep/2016:15:22:52 +0530] "GET /files/fitnesse/bootstrap/js/bootstrap.js HTTP/1.1" 304 0
0:0:0:0:0:0:0:1 - - [01/Sep/2016:15:22:52 +0530] "GET /files/fitnesse/bootstrap/js/respond.js HTTP/1.1" 304 0
0:0:0:0:0:0:0:1 - - [01/Sep/2016:15:22:52 +0530] "GET /files/fitnesse/javascript/mousetrap.min.js HTTP/1.1" 304 0
0:0:0:0:0:0:0:1 - - [01/Sep/2016:15:22:52 +0530] "GET /files/fitnesse/question.mark/question.mark.js HTTP/1.1" 304 0
0:0:0:0:0:0:0:1 - - [01/Sep/2016:15:22:52 +0530] "GET /files/fitnesse/images/fitnesse-logo-small.png HTTP/1.1" 304 0
0:0:0:0:0:0:0:1 - - [01/Sep/2016:15:22:59 +0530] "GET /FrontPage.KnownCircleAndroid.ValidateContactDuplication.ValidateResolveDuplicateCount HTTP/1.1" 200 20461
0:0:0:0:0:0:0:1 - - [01/Sep/2016:15:23:02 +0530] "GET /FrontPage.KnownCircleAndroid.ValidateContactDuplication.CommonResolveDuplicate HTTP/1.1" 200 12464
0:0:0:0:0:0:0:1 - - [01/Sep/2016:15:23:04 +0530] "GET /FrontPage.KnownCircleAndroid.ValidateContactDuplication HTTP/1.1" 200 13982
0:0:0:0:0:0:0:1 - - [01/Sep/2016:15:23:07 +0530] "GET /FrontPage.KnownCircleAndroid.ValidateContactDuplication.ResolveDuplicate HTTP/1.1" 200 11420
0:0:0:0:0:0:0:1 - - [01/Sep/2016:15:23:18 +0530] "GET /FrontPage.KnownCircleAndroid.ValidateContactDuplication.ResolveDuplicate?deletePage HTTP/1.1" 200 2740
0:0:0:0:0:0:0:1 - - [01/Sep/2016:15:23:22 +0530] "POST /FrontPage.KnownCircleAndroid.ValidateContactDuplication.ResolveDuplicate?deletePage HTTP/1.1" 303 0
0:0:0:0:0:0:0:1 - - [01/Sep/2016:15:23:22 +0530] "GET /FrontPage.KnownCircleAndroid.ValidateContactDuplication HTTP/1.1" 200 13841
0:0:0:0:0:0:0:1 - - [01/Sep/2016:15:23:26 +0530] "GET /FrontPage.KnownCircleAndroid.ValidateContactDuplication.CommonResolveDuplicate HTTP/1.1" 200 12464
0:0:0:0:0:0:0:1 - - [01/Sep/2016:15:23:29 +0530] "GET /FrontPage.KnownCircleAndroid.ValidateContactDuplication HTTP/1.1" 200 13841
0:0:0:0:0:0:0:1 - - [01/Sep/2016:15:23:31 +0530] "GET /FrontPage.KnownCircleAndroid.ValidateContactDuplication.ValidateResolveDuplicateCount HTTP/1.1" 200 20461
0:0:0:0:0:0:0:1 - - [01/Sep/2016:15:23:35 +0530] "GET /FrontPage.KnownCircleAndroid HTTP/1.1" 200 17990
0:0:0:0:0:0:0:1 - - [01/Sep/2016:15:23:36 +0530] "GET /FrontPage.KnownCircleAndroid.GmailContactSynchronization HTTP/1.1" 200 13422
0:0:0:0:0:0:0:1 - - [01/Sep/2016:15:23:43 +0530] "GET /FrontPage.KnownCircleAndroid HTTP/1.1" 200 17990
0:0:0:0:0:0:0:1 - - [01/Sep/2016:15:23:45 +0530] "GET /FrontPage.KnownCircleAndroid.ValidateContactDuplication.ValidateResolveDuplicateCount HTTP/1.1" 200 20461
0:0:0:0:0:0:0:1 - - [01/Sep/2016:15:23:48 +0530] "GET /files/fitnesse/images/exception.png HTTP/1.1" 200 3104
0:0:0:0:0:0:0:1 - - [01/Sep/2016:15:23:48 +0530] "GET /files/fitnesse/bootstrap/img/minus-sign.png HTTP/1.1" 200 1222
0:0:0:0:0:0:0:1 - - [01/Sep/2016:15:23:49 +0530] "GET /FrontPage.KnownCircleAndroid.ValidateContactDuplication.CommonImportGmailDuplication?edit&nonExistent=true HTTP/1.1" 200 7326
0:0:0:0:0:0:0:1 - - [01/Sep/2016:15:23:51 +0530] "GET /FrontPage.KnownCircleAndroid.ValidateContactDuplication HTTP/1.1" 200 13841
0:0:0:0:0:0:0:1 - - [01/Sep/2016:15:23:54 +0530] "GET /FrontPage.KnownCircleAndroid.ValidateContactDuplication.ValidateResolveDuplicateCount HTTP/1.1" 200 20461
0:0:0:0:0:0:0:1 - - [01/Sep/2016:15:23:55 +0530] "GET /FrontPage.KnownCircleAndroid.ValidateContactDuplication.ValidateResolveDuplicateCount?edit HTTP/1.1" 200 7782
0:0:0:0:0:0:0:1 - - [01/Sep/2016:15:24:19 +0530] "POST /FrontPage.KnownCircleAndroid.ValidateContactDuplication.ValidateResolveDuplicateCount HTTP/1.1" 303 0
0:0:0:0:0:0:0:1 - - [01/Sep/2016:15:24:19 +0530] "GET /FrontPage.KnownCircleAndroid.ValidateContactDuplication.ValidateResolveDuplicateCount HTTP/1.1" 200 22439
0:0:0:0:0:0:0:1 - - [01/Sep/2016:15:24:22 +0530] "GET /FrontPage.KnownCircleAndroid.ValidateContactDuplication HTTP/1.1" 200 13841
0:0:0:0:0:0:0:1 - - [01/Sep/2016:15:24:24 +0530] "GET /FrontPage.KnownCircleAndroid.ValidateContactDuplication.VerifyIgnoreAll HTTP/1.1" 200 22761
0:0:0:0:0:0:0:1 - - [01/Sep/2016:15:24:27 +0530] "GET /FrontPage.KnownCircleAndroid.ValidateContactDuplication.VerifyIgnoreAll?edit HTTP/1.1" 200 8779
0:0:0:0:0:0:0:1 - - [01/Sep/2016:15:24:33 +0530] "POST /FrontPage.KnownCircleAndroid.ValidateContactDuplication.VerifyIgnoreAll HTTP/1.1" 303 0
0:0:0:0:0:0:0:1 - - [01/Sep/2016:15:24:33 +0530] "GET /FrontPage.KnownCircleAndroid.ValidateContactDuplication.VerifyIgnoreAll HTTP/1.1" 200 24734
0:0:0:0:0:0:0:1 - - [01/Sep/2016:15:24:37 +0530] "GET /FrontPage.KnownCircleAndroid.ValidateContactDuplication HTTP/1.1" 200 13841
0:0:0:0:0:0:0:1 - - [01/Sep/2016:15:24:38 +0530] "GET /FrontPage.KnownCircleAndroid.ValidateContactDuplication.VerifyIgnoreSelected HTTP/1.1" 200 22395
0:0:0:0:0:0:0:1 - - [01/Sep/2016:15:24:41 +0530] "GET /FrontPage.KnownCircleAndroid.ValidateContactDuplication.VerifyIgnoreSelected?edit HTTP/1.1" 200 8602
0:0:0:0:0:0:0:1 - - [01/Sep/2016:15:24:48 +0530] "POST /FrontPage.KnownCircleAndroid.ValidateContactDuplication.VerifyIgnoreSelected HTTP/1.1" 303 0
0:0:0:0:0:0:0:1 - - [01/Sep/2016:15:24:48 +0530] "GET /FrontPage.KnownCircleAndroid.ValidateContactDuplication.VerifyIgnoreSelected HTTP/1.1" 200 24368
0:0:0:0:0:0:0:1 - - [01/Sep/2016:15:25:00 +0530] "GET /FrontPage.KnownCircleAndroid.ValidateContactDuplication HTTP/1.1" 200 13841
0:0:0:0:0:0:0:1 - - [01/Sep/2016:15:25:02 +0530] "GET /FrontPage.KnownCircleAndroid.ValidateContactDuplication.VerifyIgnoreSelectedForRandomContacts HTTP/1.1" 200 24669
0:0:0:0:0:0:0:1 - - [01/Sep/2016:15:25:04 +0530] "GET /FrontPage.KnownCircleAndroid.ValidateContactDuplication.VerifyIgnoreSelectedForRandomContacts?edit HTTP/1.1" 200 9469
0:0:0:0:0:0:0:1 - - [01/Sep/2016:15:25:11 +0530] "POST /FrontPage.KnownCircleAndroid.ValidateContactDuplication.VerifyIgnoreSelectedForRandomContacts HTTP/1.1" 303 0
0:0:0:0:0:0:0:1 - - [01/Sep/2016:15:25:11 +0530] "GET /FrontPage.KnownCircleAndroid.ValidateContactDuplication.VerifyIgnoreSelectedForRandomContacts HTTP/1.1" 200 26647
0:0:0:0:0:0:0:1 - - [01/Sep/2016:15:25:14 +0530] "GET /FrontPage.KnownCircleAndroid.ValidateContactDuplication HTTP/1.1" 200 13841
0:0:0:0:0:0:0:1 - - [01/Sep/2016:15:25:15 +0530] "GET /FrontPage.KnownCircleAndroid.ValidateContactDuplication.VerifyMergeAll HTTP/1.1" 200 22471
0:0:0:0:0:0:0:1 - - [01/Sep/2016:15:25:19 +0530] "GET /FrontPage.KnownCircleAndroid.ValidateContactDuplication.VerifyMergeAll?edit HTTP/1.1" 200 8620
0:0:0:0:0:0:0:1 - - [01/Sep/2016:15:25:30 +0530] "POST /FrontPage.KnownCircleAndroid.ValidateContactDuplication.VerifyMergeAll HTTP/1.1" 303 0
0:0:0:0:0:0:0:1 - - [01/Sep/2016:15:25:30 +0530] "GET /FrontPage.KnownCircleAndroid.ValidateContactDuplication.VerifyMergeAll HTTP/1.1" 200 24449
0:0:0:0:0:0:0:1 - - [01/Sep/2016:15:25:32 +0530] "GET /FrontPage.KnownCircleAndroid.ValidateContactDuplication HTTP/1.1" 200 13841
0:0:0:0:0:0:0:1 - - [01/Sep/2016:15:25:34 +0530] "GET /FrontPage.KnownCircleAndroid.ValidateContactDuplication.VerifyMergeAll HTTP/1.1" 200 24449
0:0:0:0:0:0:0:1 - - [01/Sep/2016:15:25:39 +0530] "GET /FrontPage.KnownCircleAndroid.ValidateContactDuplication HTTP/1.1" 200 13841
0:0:0:0:0:0:0:1 - - [01/Sep/2016:15:25:40 +0530] "GET /FrontPage.KnownCircleAndroid.ValidateContactDuplication.VerifyMergeSelected HTTP/1.1" 200 22054
0:0:0:0:0:0:0:1 - - [01/Sep/2016:15:25:40 +0530] "GET /files/fitnesse/bootstrap/img/plus-sign.png HTTP/1.1" 304 0
0:0:0:0:0:0:0:1 - - [01/Sep/2016:15:25:42 +0530] "GET /FrontPage.KnownCircleAndroid.ValidateContactDuplication.VerifyMergeSelected?edit HTTP/1.1" 200 8438
0:0:0:0:0:0:0:1 - - [01/Sep/2016:15:25:50 +0530] "POST /FrontPage.KnownCircleAndroid.ValidateContactDuplication.VerifyMergeSelected HTTP/1.1" 303 0
0:0:0:0:0:0:0:1 - - [01/Sep/2016:15:25:50 +0530] "GET /FrontPage.KnownCircleAndroid.ValidateContactDuplication.VerifyMergeSelected HTTP/1.1" 200 24027
0:0:0:0:0:0:0:1 - - [01/Sep/2016:15:25:52 +0530] "GET /FrontPage.KnownCircleAndroid.ValidateContactDuplication HTTP/1.1" 200 13841
0:0:0:0:0:0:0:1 - - [01/Sep/2016:15:25:53 +0530] "GET /FrontPage.KnownCircleAndroid.ValidateContactDuplication.VerifyMergeSelectedWithRandomContacts HTTP/1.1" 200 24098
0:0:0:0:0:0:0:1 - - [01/Sep/2016:15:25:55 +0530] "GET /FrontPage.KnownCircleAndroid.ValidateContactDuplication.VerifyMergeSelectedWithRandomContacts?edit HTTP/1.1" 200 9194
0:0:0:0:0:0:0:1 - - [01/Sep/2016:15:25:55 +0530] "GET /files/fitnesse/javascript/textinputs_jquery.js HTTP/1.1" 304 0
0:0:0:0:0:0:0:1 - - [01/Sep/2016:15:25:55 +0530] "GET /files/fitnesse/codemirror/addon/foldgutter.css HTTP/1.1" 304 0
0:0:0:0:0:0:0:1 - - [01/Sep/2016:15:25:55 +0530] "GET /files/fitnesse/codemirror/codemirror.css HTTP/1.1" 304 0
0:0:0:0:0:0:0:1 - - [01/Sep/2016:15:25:55 +0530] "GET /files/fitnesse/wysiwyg/editor.css HTTP/1.1" 304 0
0:0:0:0:0:0:0:1 - - [01/Sep/2016:15:25:55 +0530] "GET /files/fitnesse/javascript/SpreadsheetTranslator.js HTTP/1.1" 304 0
0:0:0:0:0:0:0:1 - - [01/Sep/2016:15:25:55 +0530] "GET /files/fitnesse/javascript/WikiFormatter.js HTTP/1.1" 304 0
0:0:0:0:0:0:0:1 - - [01/Sep/2016:15:25:55 +0530] "GET /files/fitnesse/javascript/TemplateInserter.js HTTP/1.1" 304 0
0:0:0:0:0:0:0:1 - - [01/Sep/2016:15:25:55 +0530] "GET /files/fitnesse/codemirror/codemirror.js HTTP/1.1" 304 0
0:0:0:0:0:0:0:1 - - [01/Sep/2016:15:25:55 +0530] "GET /files/fitnesse/codemirror/addon/foldcode.js HTTP/1.1" 304 0
0:0:0:0:0:0:0:1 - - [01/Sep/2016:15:25:55 +0530] "GET /files/fitnesse/codemirror/addon/simple.js HTTP/1.1" 304 0
0:0:0:0:0:0:0:1 - - [01/Sep/2016:15:25:55 +0530] "GET /files/fitnesse/codemirror/addon/foldgutter.js HTTP/1.1" 304 0
0:0:0:0:0:0:0:1 - - [01/Sep/2016:15:25:55 +0530] "GET /files/fitnesse/codemirror/fitnesse/fitnesse.js HTTP/1.1" 304 0
0:0:0:0:0:0:0:1 - - [01/Sep/2016:15:25:55 +0530] "GET /files/fitnesse/wysiwyg/wysiwyg.js HTTP/1.1" 304 0
0:0:0:0:0:0:0:1 - - [01/Sep/2016:15:25:55 +0530] "GET /files/fitnesse/javascript/jquery.tagsinput.js HTTP/1.1" 304 0
0:0:0:0:0:0:0:1 - - [01/Sep/2016:15:25:59 +0530] "POST /FrontPage.KnownCircleAndroid.ValidateContactDuplication.VerifyMergeSelectedWithRandomContacts HTTP/1.1" 303 0
0:0:0:0:0:0:0:1 - - [01/Sep/2016:15:26:00 +0530] "GET /FrontPage.KnownCircleAndroid.ValidateContactDuplication.VerifyMergeSelectedWithRandomContacts HTTP/1.1" 200 26076
0:0:0:0:0:0:0:1 - - [01/Sep/2016:15:26:01 +0530] "GET /FrontPage.KnownCircleAndroid.ValidateContactDuplication HTTP/1.1" 200 13841
0:0:0:0:0:0:0:1 - - [01/Sep/2016:15:26:08 +0530] "GET /FrontPage.KnownCircleAndroid HTTP/1.1" 200 17990
0:0:0:0:0:0:0:1 - - [01/Sep/2016:15:26:40 +0530] "GET /FrontPage.KnownCircleAndroid.ValidateContactDuplication.CommonResolveDuplicate HTTP/1.1" 200 12464
0:0:0:0:0:0:0:1 - - [01/Sep/2016:15:26:40 +0530] "GET /files/fitnesse/css/fitnesse_wiki.css HTTP/1.1" 304 0
0:0:0:0:0:0:0:1 - - [01/Sep/2016:15:26:40 +0530] "GET /files/fitnesse/css/fitnesse_pages.css HTTP/1.1" 304 0
0:0:0:0:0:0:0:1 - - [01/Sep/2016:15:26:40 +0530] "GET /files/fitnesse/wysiwyg/wysiwyg.css HTTP/1.1" 304 0
0:0:0:0:0:0:0:1 - - [01/Sep/2016:15:26:40 +0530] "GET /files/fitnesse/bootstrap/css/fitnesse-bootstrap.css HTTP/1.1" 304 0
0:0:0:0:0:0:0:1 - - [01/Sep/2016:15:26:40 +0530] "GET /files/fitnesse/question.mark/question.mark.css HTTP/1.1" 304 0
0:0:0:0:0:0:0:1 - - [01/Sep/2016:15:26:40 +0530] "GET /files/fitnesse/javascript/jquery-1.11.3.min.js HTTP/1.1" 304 0
0:0:0:0:0:0:0:1 - - [01/Sep/2016:15:26:40 +0530] "GET /files/fitnesse/javascript/fitnesse.js HTTP/1.1" 304 0
0:0:0:0:0:0:0:1 - - [01/Sep/2016:15:26:40 +0530] "GET /files/fitnesse/bootstrap/js/bootstrap.js HTTP/1.1" 304 0
0:0:0:0:0:0:0:1 - - [01/Sep/2016:15:26:40 +0530] "GET /files/fitnesse/bootstrap/js/respond.js HTTP/1.1" 304 0
0:0:0:0:0:0:0:1 - - [01/Sep/2016:15:26:40 +0530] "GET /files/fitnesse/javascript/mousetrap.min.js HTTP/1.1" 304 0
0:0:0:0:0:0:0:1 - - [01/Sep/2016:15:26:40 +0530] "GET /files/fitnesse/question.mark/question.mark.js HTTP/1.1" 304 0
0:0:0:0:0:0:0:1 - - [01/Sep/2016:15:26:40 +0530] "GET /files/fitnesse/images/fitnesse-logo-small.png HTTP/1.1" 304 0
0:0:0:0:0:0:0:1 - - [01/Sep/2016:15:26:43 +0530] "GET /FrontPage.KnownCircleAndroid.ValidateContactDuplication HTTP/1.1" 200 13841
0:0:0:0:0:0:0:1 - - [01/Sep/2016:16:54:06 +0530] "GET /FrontPage.KnownCircleAndroid HTTP/1.1" 200 17990
0:0:0:0:0:0:0:1 - - [01/Sep/2016:16:54:06 +0530] "GET /files/fitnesse/css/fitnesse_wiki.css HTTP/1.1" 304 0
0:0:0:0:0:0:0:1 - - [01/Sep/2016:16:54:06 +0530] "GET /files/fitnesse/css/fitnesse_pages.css HTTP/1.1" 304 0
0:0:0:0:0:0:0:1 - - [01/Sep/2016:16:54:06 +0530] "GET /files/fitnesse/wysiwyg/wysiwyg.css HTTP/1.1" 304 0
0:0:0:0:0:0:0:1 - - [01/Sep/2016:16:54:06 +0530] "GET /files/fitnesse/bootstrap/css/fitnesse-bootstrap.css HTTP/1.1" 304 0
0:0:0:0:0:0:0:1 - - [01/Sep/2016:16:54:06 +0530] "GET /files/fitnesse/question.mark/question.mark.css HTTP/1.1" 304 0
0:0:0:0:0:0:0:1 - - [01/Sep/2016:16:54:06 +0530] "GET /files/fitnesse/javascript/jquery-1.11.3.min.js HTTP/1.1" 304 0
0:0:0:0:0:0:0:1 - - [01/Sep/2016:16:54:06 +0530] "GET /files/fitnesse/javascript/fitnesse.js HTTP/1.1" 304 0
0:0:0:0:0:0:0:1 - - [01/Sep/2016:16:54:06 +0530] "GET /files/fitnesse/bootstrap/js/bootstrap.js HTTP/1.1" 304 0
0:0:0:0:0:0:0:1 - - [01/Sep/2016:16:54:06 +0530] "GET /files/fitnesse/bootstrap/js/respond.js HTTP/1.1" 304 0
0:0:0:0:0:0:0:1 - - [01/Sep/2016:16:54:06 +0530] "GET /files/fitnesse/javascript/mousetrap.min.js HTTP/1.1" 304 0
0:0:0:0:0:0:0:1 - - [01/Sep/2016:16:54:06 +0530] "GET /files/fitnesse/question.mark/question.mark.js HTTP/1.1" 304 0
0:0:0:0:0:0:0:1 - - [01/Sep/2016:16:54:07 +0530] "GET /files/fitnesse/images/fitnesse-logo-small.png HTTP/1.1" 304 0
0:0:0:0:0:0:0:1 - - [01/Sep/2016:16:54:10 +0530] "GET /FrontPage.KnownCircleAndroid.ValidateContactDuplication.TestSplitString HTTP/1.1" 200 12016
0:0:0:0:0:0:0:1 - - [01/Sep/2016:16:54:15 +0530] "GET /FrontPage.KnownCircleAndroid.ValidateContactDuplication.TestSplitString?deletePage HTTP/1.1" 200 2735
0:0:0:0:0:0:0:1 - - [01/Sep/2016:16:54:17 +0530] "POST /FrontPage.KnownCircleAndroid.ValidateContactDuplication.TestSplitString?deletePage HTTP/1.1" 303 0
0:0:0:0:0:0:0:1 - - [01/Sep/2016:16:54:17 +0530] "GET /FrontPage.KnownCircleAndroid.ValidateContactDuplication HTTP/1.1" 200 13701
0:0:0:0:0:0:0:1 - - [01/Sep/2016:16:54:19 +0530] "GET /FrontPage.KnownCircleAndroid HTTP/1.1" 200 17844
0:0:0:0:0:0:0:1 - - [01/Sep/2016:16:54:23 +0530] "GET /FrontPage.KnownCircleAndroid.ValidateContactDuplication.CommonResolveDuplicate HTTP/1.1" 200 12464
0:0:0:0:0:0:0:1 - - [01/Sep/2016:16:54:26 +0530] "GET /FrontPage.KnownCircleAndroid.ValidateContactDuplication HTTP/1.1" 200 13701
0:0:0:0:0:0:0:1 - - [01/Sep/2016:16:54:26 +0530] "GET /FrontPage.KnownCircleAndroid.ValidateContactDuplication.ImportConatctGmail HTTP/1.1" 200 11458
0:0:0:0:0:0:0:1 - - [01/Sep/2016:16:54:30 +0530] "GET /FrontPage.KnownCircleAndroid.ValidateContactDuplication.ImportConatctGmail?deletePage HTTP/1.1" 200 2750
0:0:0:0:0:0:0:1 - - [01/Sep/2016:16:54:32 +0530] "POST /FrontPage.KnownCircleAndroid.ValidateContactDuplication.ImportConatctGmail?deletePage HTTP/1.1" 303 0
0:0:0:0:0:0:0:1 - - [01/Sep/2016:16:54:32 +0530] "GET /FrontPage.KnownCircleAndroid.ValidateContactDuplication HTTP/1.1" 200 13555
0:0:0:0:0:0:0:1 - - [01/Sep/2016:16:54:34 +0530] "GET /FrontPage.KnownCircleAndroid.ValidateContactDuplication.ValidateResolveDuplicateCount HTTP/1.1" 200 22439
0:0:0:0:0:0:0:1 - - [01/Sep/2016:16:54:34 +0530] "GET /files/fitnesse/bootstrap/img/plus-sign.png HTTP/1.1" 304 0
0:0:0:0:0:0:0:1 - - [01/Sep/2016:16:54:37 +0530] "GET /FrontPage.KnownCircleAndroid.ValidateContactDuplication HTTP/1.1" 200 13555
0:0:0:0:0:0:0:1 - - [01/Sep/2016:16:54:38 +0530] "GET /FrontPage.KnownCircleAndroid.ValidateContactDuplication.ValidateResolveDuplicateCount HTTP/1.1" 200 22439
0:0:0:0:0:0:0:1 - - [01/Sep/2016:16:54:41 +0530] "GET /FrontPage.KnownCircleAndroid.ValidateContactDuplication HTTP/1.1" 200 13555
0:0:0:0:0:0:0:1 - - [01/Sep/2016:16:54:42 +0530] "GET /FrontPage.KnownCircleAndroid.ValidateContactDuplication.VerifyIgnoreAll HTTP/1.1" 200 24734
0:0:0:0:0:0:0:1 - - [01/Sep/2016:16:54:45 +0530] "GET /FrontPage.KnownCircleAndroid.ValidateContactDuplication HTTP/1.1" 200 13555
0:0:0:0:0:0:0:1 - - [01/Sep/2016:16:54:47 +0530] "GET /FrontPage.KnownCircleAndroid.ValidateContactDuplication.VerifyMergeAll HTTP/1.1" 200 24449
0:0:0:0:0:0:0:1 - - [01/Sep/2016:16:54:50 +0530] "GET /FrontPage.KnownCircleAndroid.ValidateContactDuplication HTTP/1.1" 200 13555
0:0:0:0:0:0:0:1 - - [01/Sep/2016:16:54:52 +0530] "GET /FrontPage.KnownCircleAndroid.ValidateContactDuplication.VerifyMergeSelectedWithRandomContacts HTTP/1.1" 200 26076
0:0:0:0:0:0:0:1 - - [01/Sep/2016:16:54:57 +0530] "GET /FrontPage.KnownCircleAndroid.ValidateContactDuplication HTTP/1.1" 200 13555
0:0:0:0:0:0:0:1 - - [01/Sep/2016:16:54:58 +0530] "GET /FrontPage.KnownCircleAndroid HTTP/1.1" 200 17692
0:0:0:0:0:0:0:1 - - [01/Sep/2016:16:54:59 +0530] "GET /FrontPage.KnownCircleAndroid.AndroidSettings HTTP/1.1" 200 14001
0:0:0:0:0:0:0:1 - - [01/Sep/2016:16:55:00 +0530] "GET /GlobalSettings.KnownCircleSettingsMobile HTTP/1.1" 200 11908
0:0:0:0:0:0:0:1 - - [01/Sep/2016:16:55:00 +0530] "GET /files/fitnesse/bootstrap/img/minus-sign.png HTTP/1.1" 304 0
0:0:0:0:0:0:0:1 - - [01/Sep/2016:16:55:08 +0530] "GET /FrontPage HTTP/1.1" 200 12157
0:0:0:0:0:0:0:1 - - [01/Sep/2016:16:55:09 +0530] "GET /FrontPage.KnownCircleAndroid HTTP/1.1" 200 17692
0:0:0:0:0:0:0:1 - - [01/Sep/2016:16:55:17 +0530] "GET /FrontPage.KnownCircleAndroid.TestSplitString HTTP/1.1" 200 12231
0:0:0:0:0:0:0:1 - - [01/Sep/2016:16:55:30 +0530] "GET /FrontPage.KnownCircleAndroid.TestSplitString?deletePage HTTP/1.1" 200 2519
0:0:0:0:0:0:0:1 - - [01/Sep/2016:16:55:32 +0530] "POST /FrontPage.KnownCircleAndroid.TestSplitString?deletePage HTTP/1.1" 303 0
0:0:0:0:0:0:0:1 - - [01/Sep/2016:16:55:32 +0530] "GET /FrontPage.KnownCircleAndroid HTTP/1.1" 200 17579
0:0:0:0:0:0:0:1 - - [01/Sep/2016:17:15:20 +0530] "GET /FrontPage.KnownCircleAndroid HTTP/1.1" 200 17579
0:0:0:0:0:0:0:1 - - [01/Sep/2016:17:15:20 +0530] "GET /files/fitnesse/css/fitnesse_wiki.css HTTP/1.1" 304 0
0:0:0:0:0:0:0:1 - - [01/Sep/2016:17:15:20 +0530] "GET /files/fitnesse/css/fitnesse_pages.css HTTP/1.1" 304 0
0:0:0:0:0:0:0:1 - - [01/Sep/2016:17:15:20 +0530] "GET /files/fitnesse/wysiwyg/wysiwyg.css HTTP/1.1" 304 0
0:0:0:0:0:0:0:1 - - [01/Sep/2016:17:15:20 +0530] "GET /files/fitnesse/bootstrap/css/fitnesse-bootstrap.css HTTP/1.1" 304 0
0:0:0:0:0:0:0:1 - - [01/Sep/2016:17:15:20 +0530] "GET /files/fitnesse/question.mark/question.mark.css HTTP/1.1" 304 0
0:0:0:0:0:0:0:1 - - [01/Sep/2016:17:15:20 +0530] "GET /files/fitnesse/javascript/jquery-1.11.3.min.js HTTP/1.1" 304 0
0:0:0:0:0:0:0:1 - - [01/Sep/2016:17:15:20 +0530] "GET /files/fitnesse/javascript/fitnesse.js HTTP/1.1" 304 0
0:0:0:0:0:0:0:1 - - [01/Sep/2016:17:15:20 +0530] "GET /files/fitnesse/bootstrap/js/bootstrap.js HTTP/1.1" 304 0
0:0:0:0:0:0:0:1 - - [01/Sep/2016:17:15:20 +0530] "GET /files/fitnesse/bootstrap/js/respond.js HTTP/1.1" 304 0
0:0:0:0:0:0:0:1 - - [01/Sep/2016:17:15:20 +0530] "GET /files/fitnesse/javascript/mousetrap.min.js HTTP/1.1" 304 0
0:0:0:0:0:0:0:1 - - [01/Sep/2016:17:15:20 +0530] "GET /files/fitnesse/question.mark/question.mark.js HTTP/1.1" 304 0
0:0:0:0:0:0:0:1 - - [01/Sep/2016:17:15:20 +0530] "GET /files/fitnesse/images/fitnesse-logo-small.png HTTP/1.1" 304 0
0:0:0:0:0:0:0:1 - - [01/Sep/2016:17:15:37 +0530] "GET /FrontPage.KnownCircleAndroid.GmailContactSynchronization HTTP/1.1" 200 13422
0:0:0:0:0:0:0:1 - - [01/Sep/2016:17:15:39 +0530] "GET /FrontPage.KnownCircleAndroid.GmailContactSynchronization?edit HTTP/1.1" 200 7804
0:0:0:0:0:0:0:1 - - [01/Sep/2016:17:15:39 +0530] "GET /files/fitnesse/javascript/textinputs_jquery.js HTTP/1.1" 304 0
0:0:0:0:0:0:0:1 - - [01/Sep/2016:17:15:39 +0530] "GET /files/fitnesse/javascript/SpreadsheetTranslator.js HTTP/1.1" 304 0
0:0:0:0:0:0:0:1 - - [01/Sep/2016:17:15:39 +0530] "GET /files/fitnesse/codemirror/addon/foldgutter.css HTTP/1.1" 304 0
0:0:0:0:0:0:0:1 - - [01/Sep/2016:17:15:39 +0530] "GET /files/fitnesse/codemirror/codemirror.css HTTP/1.1" 304 0
0:0:0:0:0:0:0:1 - - [01/Sep/2016:17:15:39 +0530] "GET /files/fitnesse/wysiwyg/editor.css HTTP/1.1" 304 0
0:0:0:0:0:0:0:1 - - [01/Sep/2016:17:15:39 +0530] "GET /files/fitnesse/javascript/WikiFormatter.js HTTP/1.1" 304 0
0:0:0:0:0:0:0:1 - - [01/Sep/2016:17:15:39 +0530] "GET /files/fitnesse/javascript/TemplateInserter.js HTTP/1.1" 304 0
0:0:0:0:0:0:0:1 - - [01/Sep/2016:17:15:39 +0530] "GET /files/fitnesse/codemirror/codemirror.js HTTP/1.1" 304 0
0:0:0:0:0:0:0:1 - - [01/Sep/2016:17:15:39 +0530] "GET /files/fitnesse/codemirror/addon/foldcode.js HTTP/1.1" 304 0
0:0:0:0:0:0:0:1 - - [01/Sep/2016:17:15:39 +0530] "GET /files/fitnesse/codemirror/addon/simple.js HTTP/1.1" 304 0
0:0:0:0:0:0:0:1 - - [01/Sep/2016:17:15:39 +0530] "GET /files/fitnesse/codemirror/addon/foldgutter.js HTTP/1.1" 304 0
0:0:0:0:0:0:0:1 - - [01/Sep/2016:17:15:39 +0530] "GET /files/fitnesse/codemirror/fitnesse/fitnesse.js HTTP/1.1" 304 0
0:0:0:0:0:0:0:1 - - [01/Sep/2016:17:15:39 +0530] "GET /files/fitnesse/javascript/jquery.tagsinput.js HTTP/1.1" 304 0
0:0:0:0:0:0:0:1 - - [01/Sep/2016:17:15:39 +0530] "GET /files/fitnesse/wysiwyg/wysiwyg.js HTTP/1.1" 304 0
0:0:0:0:0:0:0:1 - - [01/Sep/2016:17:15:41 +0530] "GET /FrontPage.KnownCircleAndroid HTTP/1.1" 200 17579
0:0:0:0:0:0:0:1 - - [01/Sep/2016:17:17:27 +0530] "GET /FrontPage.KnownCircleAndroid HTTP/1.1" 200 15647
0:0:0:0:0:0:0:1 - - [01/Sep/2016:17:17:29 +0530] "GET /FrontPage.KnownCircleAndroid.ValidateContactDuplication HTTP/1.1" 200 11695
0:0:0:0:0:0:0:1 - - [01/Sep/2016:17:17:31 +0530] "GET /FrontPage.KnownCircleAndroid HTTP/1.1" 200 15647
0:0:0:0:0:0:0:1 - - [01/Sep/2016:17:17:34 +0530] "GET /FrontPage.KnownCircleAndroid.ValidateContactDuplication HTTP/1.1" 200 11695
0:0:0:0:0:0:0:1 - - [01/Sep/2016:17:17:36 +0530] "GET /FrontPage.KnownCircleAndroid HTTP/1.1" 200 15647
0:0:0:0:0:0:0:1 - - [01/Sep/2016:17:18:42 +0530] "GET /FrontPage.KnownCircleAndroid HTTP/1.1" 200 16191
0:0:0:0:0:0:0:1 - - [01/Sep/2016:17:18:48 +0530] "GET /FrontPage.KnownCircleAndroid.ValidateContactDuplication.CommonImportGmailDuplication HTTP/1.1" 200 18029
0:0:0:0:0:0:0:1 - - [01/Sep/2016:17:18:50 +0530] "GET /FrontPage.KnownCircleAndroid.ValidateContactDuplication HTTP/1.1" 200 12237
0:0:0:0:0:0:0:1 - - [01/Sep/2016:17:18:53 +0530] "GET /FrontPage.KnownCircleAndroid HTTP/1.1" 200 16191
0:0:0:0:0:0:0:1 - - [01/Sep/2016:17:19:21 +0530] "GET /FrontPage.KnownCircleAndroid HTTP/1.1" 200 17617
0:0:0:0:0:0:0:1 - - [01/Sep/2016:17:40:45 +0530] "GET /FrontPage.KnownCircleAndroid HTTP/1.1" 200 17617
0:0:0:0:0:0:0:1 - - [01/Sep/2016:17:40:45 +0530] "GET /files/fitnesse/css/fitnesse_wiki.css HTTP/1.1" 304 0
0:0:0:0:0:0:0:1 - - [01/Sep/2016:17:40:45 +0530] "GET /files/fitnesse/css/fitnesse_pages.css HTTP/1.1" 304 0
0:0:0:0:0:0:0:1 - - [01/Sep/2016:17:40:45 +0530] "GET /files/fitnesse/wysiwyg/wysiwyg.css HTTP/1.1" 304 0
0:0:0:0:0:0:0:1 - - [01/Sep/2016:17:40:45 +0530] "GET /files/fitnesse/bootstrap/css/fitnesse-bootstrap.css HTTP/1.1" 304 0
0:0:0:0:0:0:0:1 - - [01/Sep/2016:17:40:45 +0530] "GET /files/fitnesse/question.mark/question.mark.css HTTP/1.1" 304 0
0:0:0:0:0:0:0:1 - - [01/Sep/2016:17:40:45 +0530] "GET /files/fitnesse/javascript/jquery-1.11.3.min.js HTTP/1.1" 304 0
0:0:0:0:0:0:0:1 - - [01/Sep/2016:17:40:45 +0530] "GET /files/fitnesse/javascript/fitnesse.js HTTP/1.1" 304 0
0:0:0:0:0:0:0:1 - - [01/Sep/2016:17:40:45 +0530] "GET /files/fitnesse/bootstrap/js/bootstrap.js HTTP/1.1" 304 0
0:0:0:0:0:0:0:1 - - [01/Sep/2016:17:40:45 +0530] "GET /files/fitnesse/bootstrap/js/respond.js HTTP/1.1" 304 0
0:0:0:0:0:0:0:1 - - [01/Sep/2016:17:40:45 +0530] "GET /files/fitnesse/javascript/mousetrap.min.js HTTP/1.1" 304 0
0:0:0:0:0:0:0:1 - - [01/Sep/2016:17:40:45 +0530] "GET /files/fitnesse/question.mark/question.mark.js HTTP/1.1" 304 0
0:0:0:0:0:0:0:1 - - [01/Sep/2016:17:40:45 +0530] "GET /files/fitnesse/images/fitnesse-logo-small.png HTTP/1.1" 304 0
0:0:0:0:0:0:0:1 - - [01/Sep/2016:17:40:48 +0530] "GET /FrontPage.KnownCircleAndroid HTTP/1.1" 200 17617
0:0:0:0:0:0:0:1 - - [01/Sep/2016:17:40:50 +0530] "GET /FrontPage.KnownCircleAndroid HTTP/1.1" 200 17617
